0 info it worked if it ends with ok
1 verbose cli [ '/usr/local/bin/node',
1 verbose cli   '/usr/local/bin/npm',
1 verbose cli   'version',
1 verbose cli   'patch' ]
2 info using npm@3.10.8
3 info using node@v6.9.1
4 info git [ 'status', '--porcelain' ]
5 info lifecycle randexp@0.4.4~preversion: randexp@0.4.4
6 verbose lifecycle randexp@0.4.4~preversion: unsafe-perm in lifecycle true
7 verbose lifecycle randexp@0.4.4~preversion: PATH: /usr/local/lib/node_modules/npm/bin/node-gyp-bin:/Users/roly/code/js/randexp.js/node_modules/.bin:./node_modules/.bin:~/local/bin:/usr/local/bin:/usr/local/sbin:/usr/bin:/usr/sbin:/bin:/sbin:/opt/X11/bin:/usr/X11/bin:/usr/local/go/bin:/Users/roly/code/go/bin:/Users/roly/perl5/bin:/Users/roly/.arc/arcanist/bin:/Applications/Postgres.app/Contents/Versions/latest/bin
8 verbose lifecycle randexp@0.4.4~preversion: CWD: /Users/roly/code/js/randexp.js
9 silly lifecycle randexp@0.4.4~preversion: Args: [ '-c', 'gulp build' ]
10 silly lifecycle randexp@0.4.4~preversion: Returned: code: 1  signal: null
11 info lifecycle randexp@0.4.4~preversion: Failed to exec preversion script
12 verbose stack Error: randexp@0.4.4 preversion: `gulp build`
12 verbose stack Exit status 1
12 verbose stack     at EventEmitter.<anonymous> (/usr/local/lib/node_modules/npm/lib/utils/lifecycle.js:255:16)
12 verbose stack     at emitTwo (events.js:106:13)
12 verbose stack     at EventEmitter.emit (events.js:191:7)
12 verbose stack     at ChildProcess.<anonymous> (/usr/local/lib/node_modules/npm/lib/utils/spawn.js:40:14)
12 verbose stack     at emitTwo (events.js:106:13)
12 verbose stack     at ChildProcess.emit (events.js:191:7)
12 verbose stack     at maybeClose (internal/child_process.js:877:16)
12 verbose stack     at Process.ChildProcess._handle.onexit (internal/child_process.js:226:5)
13 verbose pkgid randexp@0.4.4
14 verbose cwd /Users/roly/code/js/randexp.js
15 error Darwin 16.1.0
16 error argv "/usr/local/bin/node" "/usr/local/bin/npm" "version" "patch"
17 error node v6.9.1
18 error npm  v3.10.8
19 error code ELIFECYCLE
20 error randexp@0.4.4 preversion: `gulp build`
20 error Exit status 1
21 error Failed at the randexp@0.4.4 preversion script 'gulp build'.
21 error Make sure you have the latest version of node.js and npm installed.
21 error If you do, this is most likely a problem with the randexp package,
21 error not with npm itself.
21 error Tell the author that this fails on your system:
21 error     gulp build
21 error You can get information on how to open an issue for this project with:
21 error     npm bugs randexp
21 error Or if that isn't available, you can get their info via:
21 error     npm owner ls randexp
21 error There is likely additional logging output above.
22 verbose exit [ 1, true ]
